<?xml version="1.0" encoding="UTF-8"?>
<!-- Generated by org.testng.reporters.JUnitReportReporter -->
<testsuite hostname="LAPTOP-B81G2UPP" failures="0" tests="1" name="com.aspire.test.ManufacturingFeature_Test" time="14.366" errors="0" timestamp="06 Mar 2022 11:07:00 GMT" skipped="0">
  <testcase classname="com.aspire.test.ManufacturingFeature_Test" name="createManufaturing" time="14.366"/>
</testsuite> <!-- com.aspire.test.ManufacturingFeature_Test -->
