<?xml version="1.0" encoding="UTF-8"?>
<!-- Generated by org.testng.reporters.JUnitReportReporter -->
<testsuite hostname="LAPTOP-B81G2UPP" failures="0" tests="1" name="com.aspire.test.ManufacturingFeature_Test" time="11.717" errors="0" timestamp="05 Mar 2022 10:44:42 GMT" skipped="0">
  <testcase classname="com.aspire.test.ManufacturingFeature_Test" name="createInventory" time="11.717"/>
</testsuite> <!-- com.aspire.test.ManufacturingFeature_Test -->
