<?xml version="1.0" encoding="UTF-8"?>
<!-- Generated by org.testng.reporters.JUnitReportReporter -->
<testsuite hostname="LAPTOP-B81G2UPP" failures="0" tests="1" name="browsestack.AmazonBS" time="24.667" errors="0" timestamp="28 Feb 2022 08:39:41 GMT" skipped="0">
  <testcase classname="browsestack.AmazonBS" name="testBS" time="24.667"/>
</testsuite> <!-- browsestack.AmazonBS -->
