<?xml version="1.0" encoding="UTF-8"?>
<!-- Generated by org.testng.reporters.JUnitReportReporter -->
<testsuite hostname="LAPTOP-B81G2UPP" failures="0" tests="4" name="com.aspire.test.InventoryFeature_Test" time="62.532" errors="0" timestamp="06 Mar 2022 11:07:00 GMT" skipped="0">
  <testcase classname="com.aspire.test.InventoryFeature_Test" name="createInventory" time="18.446"/>
  <testcase classname="com.aspire.test.InventoryFeature_Test" name="createInventory" time="20.870"/>
  <testcase classname="com.aspire.test.InventoryFeature_Test" name="createInventory" time="11.726"/>
  <testcase classname="com.aspire.test.InventoryFeature_Test" name="createInventory" time="11.490"/>
</testsuite> <!-- com.aspire.test.InventoryFeature_Test -->
