<?xml version="1.0" encoding="UTF-8"?>
<!-- Generated by org.testng.reporters.JUnitReportReporter -->
<testsuite hostname="LAPTOP-B81G2UPP" failures="0" tests="2" name="com.aspire.test.E2E" time="3.550" errors="0" timestamp="05 Mar 2022 08:01:25 GMT" skipped="0">
  <testcase classname="com.aspire.test.E2E" name="Test2" time="0.581"/>
  <testcase classname="com.aspire.test.E2E" name="Test1" time="2.969"/>
</testsuite> <!-- com.aspire.test.E2E -->
