<?xml version="1.0" encoding="UTF-8"?>
<!-- Generated by org.testng.reporters.JUnitReportReporter -->
<testsuite hostname="LAPTOP-B81G2UPP" failures="0" tests="3" name="com.aspire.test.LoginFeature_Test" time="5.924" errors="0" timestamp="05 Mar 2022 08:29:52 GMT" skipped="0">
  <testcase classname="com.aspire.test.LoginFeature_Test" name="inValidLogin" time="0.634"/>
  <testcase classname="com.aspire.test.LoginFeature_Test" name="validLoginLogout" time="2.371"/>
  <testcase classname="com.aspire.test.LoginFeature_Test" name="validLogin" time="2.919"/>
</testsuite> <!-- com.aspire.test.LoginFeature_Test -->
