<?xml version="1.0" encoding="UTF-8"?>
<!-- Generated by org.testng.reporters.JUnitReportReporter -->
<testsuite hostname="LAPTOP-B81G2UPP" failures="0" tests="2" name="com.aspire.E2E" time="3.093" errors="0" timestamp="05 Mar 2022 08:00:10 GMT" skipped="0">
  <testcase classname="com.aspire.E2E" name="Test2" time="0.592"/>
  <testcase classname="com.aspire.E2E" name="Test1" time="2.501"/>
</testsuite> <!-- com.aspire.E2E -->
