<?xml version="1.0" encoding="UTF-8"?>
<!-- Generated by org.testng.reporters.JUnitReportReporter -->
<testsuite hostname="LAPTOP-B81G2UPP" failures="0" tests="3" name="com.aspire.test.InventoryFeature_Test" time="39.199" errors="0" timestamp="05 Mar 2022 10:28:00 GMT" skipped="0">
  <testcase classname="com.aspire.test.InventoryFeature_Test" name="createInventoryWithlessQty" time="11.835"/>
  <testcase classname="com.aspire.test.InventoryFeature_Test" name="createInventoryNegativeQty" time="11.776"/>
  <testcase classname="com.aspire.test.InventoryFeature_Test" name="createInventory" time="15.588"/>
</testsuite> <!-- com.aspire.test.InventoryFeature_Test -->
