<?xml version="1.0" encoding="UTF-8"?>
<!-- Generated by org.testng.reporters.JUnitReportReporter -->
<testsuite hostname="LAPTOP-B81G2UPP" failures="0" tests="3" name="com.aspire.test.LoginFeature_Test" time="9.647" errors="0" timestamp="06 Mar 2022 11:07:00 GMT" skipped="0">
  <testcase classname="com.aspire.test.LoginFeature_Test" name="inValidLogin" time="1.099"/>
  <testcase classname="com.aspire.test.LoginFeature_Test" name="validLoginLogout" time="2.456"/>
  <testcase classname="com.aspire.test.LoginFeature_Test" name="validLogin" time="6.092"/>
</testsuite> <!-- com.aspire.test.LoginFeature_Test -->
