<?xml version="1.0" encoding="UTF-8"?>
<!-- Generated by org.testng.reporters.JUnitReportReporter -->
<testsuite skipped="0" hostname="LAPTOP-B81G2UPP" name="com.aspire.test.LoginFeature_Test" tests="3" failures="0" timestamp="06 Mar 2022 11:40:54 GMT" time="10.719" errors="0">
  <testcase name="inValidLogin" time="1.317" classname="com.aspire.test.LoginFeature_Test"/>
  <testcase name="validLoginLogout" time="3.103" classname="com.aspire.test.LoginFeature_Test"/>
  <testcase name="validLogin" time="6.299" classname="com.aspire.test.LoginFeature_Test"/>
</testsuite> <!-- com.aspire.test.LoginFeature_Test -->
