<?xml version="1.0" encoding="UTF-8"?>
<!-- Generated by org.testng.reporters.JUnitReportReporter -->
<testsuite skipped="0" hostname="LAPTOP-B81G2UPP" name="com.aspire.test.InventoryFeature_Test" tests="4" failures="0" timestamp="06 Mar 2022 11:40:54 GMT" time="68.444" errors="0">
  <testcase name="createInventory" time="19.385" classname="com.aspire.test.InventoryFeature_Test"/>
  <testcase name="createInventory" time="12.978" classname="com.aspire.test.InventoryFeature_Test"/>
  <testcase name="createInventory" time="13.182" classname="com.aspire.test.InventoryFeature_Test"/>
  <testcase name="createInventory" time="22.899" classname="com.aspire.test.InventoryFeature_Test"/>
</testsuite> <!-- com.aspire.test.InventoryFeature_Test -->
