<?xml version="1.0" encoding="UTF-8"?>
<!-- Generated by org.testng.reporters.JUnitReportReporter -->
<testsuite skipped="0" hostname="LAPTOP-B81G2UPP" name="com.aspire.test.ManufacturingFeature_Test" tests="1" failures="0" timestamp="06 Mar 2022 11:40:54 GMT" time="15.555" errors="0">
  <testcase name="createManufaturing" time="15.555" classname="com.aspire.test.ManufacturingFeature_Test"/>
</testsuite> <!-- com.aspire.test.ManufacturingFeature_Test -->
